!      ---- Modo de Desenho da Barra ---
BU
!      ---- Tamanho da Fonte das Legendas ---
F 1
!      ---- Cores (Fundo - Identificador - Numero - Valor - Grid)---
RF 255 255 255
RI 128 0 128
RN 128 0 128
RV 0 0 255
RG 0 0 0
!      ---- Grupos Base de Tensão ----
!Ten  lar  R   G   B ID
G 0 1 0 0 0  1
G 1 2 0 0 0  0
!    ---- Componentes ----
!Numero Tipo Rot Hac Px Py Cor sl SubTp ch1 ch2 ch3 ch4 Descrip
C  8  1 1281 0    -80     64  2  0 -  4  0  0  0 -51
C 23  1 513 0   -704    128  2  0 - 14  0  0  0 -51
C 27  1 769 0   -704    -64  2  0 - 11  0  0  0 -51
C 30  1 769 0   -832   -160  2  0 - 13  0  0  0 -51
C 33  1 513 0   -640   -208  2  0 - 12  0  0  0 -51
C 36  1 259 0   -640    336  2  0 -  8  0  0  0 -51
C 42  4   1 0   -736    320  2  0 -  1  8  0  0 -51
C 48  5   0 0      0    272  2  0 -  1  4  0  0 -51
C 54  5   0 0   -736     48  2  0 -  1 11  0  0 -51
C 11  1 769 0   -448   -160  2  0 -  6  0  0  0 -51
C 41  4   3 0   -384    -96  2  0 -  1  6  0  0 -51
C 50  5   0 0   -336    -96  2  0 -  1  6  0  0 -51
C 16  1 1025 0   -448     32  2  0 -  9  0  0  0 -51
C 51  5   0 0   -384    112  2  0 -  1  9  0  0 -51
C 17  9   1 0   -336    144 34  0 -  1  4  9  0 -51
C 18  1 515 0   -448    336  2  0 -  7  0  0  0 -51
C 20  9   1 0   -336    272 34  0 -  1  4  7  0 -51
C  5  1 2049 0   -224   -256  2  0 -  5  0  0  0 -51
C 49  5   0 0   -288     80  2  0 -  1  5  0  0 -51
C 12  9   1 0   -336    -48 34  0 -  1  5  6  0 -51
C 21  1 513 0   -576      0  2  0 - 10  0  0  0 -51
C 52  5   0 0   -608     96  2  0 -  1 10  0  0 -51
C 55  5   3 0   -560   -192  2  0 -  1 12  0  0 -51
C 56  5   0 0   -880    -48  2  0 -  1 13  0  0 -51
C 57  5   0 0   -768    240  2  0 -  1 14  0  0 -51
C 58  6   3 0   -384    192  2  0 -  1  9  0  0 -51
C  2  1 1537 0    256   -256  2  0 -  1  0  0  0 -51
C 38  4   3 0    352    -32  2  0 -  1  1  0  0 -51
C  3  1 1537 0     64   -160  2  0 -  2  0  0  0 -51
C 44  4   3 0    160   -128  2  0 -  1  2  0  0 -51
C 46  5   0 0      0    -80  2  0 -  1  2  0  0 -51
C 13  1 769 0    256     64  2  0 -  3  0  0  0 -51
C 40  4   3 0    352    128  2  0 -  1  3  0  0 -51
C 47  5   0 0    320    208  2  0 -  1  3  0  0 -51
!      ---- Linhas ----
!Numero Tipo hac sl De Para ch1 nsg segmentos
L31 14 0 0  30  23  1  1 20 
L35 14 0 0  33  30  1  1 23 
L28 14 0 0  11  27  1  1 18 
L32 14 0 0  11  30  1  1 21 
L34 14 0 0  11  33  1  1 22 
L24 14 0 0  16  23  1  1 16 
L19 14 0 0  18  16  1  1 12 
L37 14 0 0  18  36  1  1 24 
L10 14 0 0   8   5  1  1 5 
L29 14 0 0  21  27  1  1 19 
L22 14 0 0  16  21  1  1 15 
L 4 14 0 0   2   3  1  1 1 
L 6 14 0 0   2   5  1  1 2 
L 9 14 0 0   3   8  1  1 4 
L14 14 0 0   3  13  1  1 8 
L 7 14 0 0   3   5  1  1 3 
L15 14 0 0  13   8  1  1 9 
!     ---- Ligacoes ----
!Numero Flags cor Inic Coni Fin Conf Linhas nqb quebras
U23 0  2  33   5  30   2  35   0 
U20 0  2  30   8  23   2  31   2    -784    -48   -784    144
U29 0  2  42   1  36   2  -1   0 
U33 0  2  48   1   8  11  -1   1       0    224
U39 0  2  54   1  27   5  -1   1    -736      0
U18 0  2  11   8  27   2  28   0 
U21 0  2  11   5  30   5  32   0 
U22 0  2  11   2  33   5  34   0 
U28 0  2  41   1  11   5  -1   0 
U35 0  2  50   1  11   2  -1   1    -336   -144
U16 0  2  16   8  23   2  24   0 
U12 0  2  18   5  16  11  19   2    -512    272   -512    192
U36 0  2  51   1  16   3  -1   1    -384     64
U11 0  2  17   2  16   8  -1   0 
U10 0  2  17   1   8   6  -1   0 
U14 0  2  20   2  18   5  -1   0 
U13 0  2  20   1   8  14  -1   0 
U24 0  2  18   2  36   2  37   0 
U 5 0  2   8   2   5  22  10   0 
U34 0  2  49   1   5  19  -1   1    -288     32
U 6 0  2  12   1   5  14  -1   0 
U 7 0  2  12   2  11   8  -1   0 
U19 0  2  21   2  27   6  29   0 
U37 0  2  52   1  21   4  -1   1    -608     48
U15 0  2  16   3  21   5  22   0 
U40 0  2  55   1  33   2  -1   0 
U41 0  2  56   1  30   5  -1   1    -880    -96
U42 0  2  57   1  23   5  -1   1    -768    192
U43 0  2  58   1  16  11  -1   0 
U 1 0  2   2  17   3  11   4   0 
U25 0  2  38   1   2  15  -1   0 
U 2 0  2   2   3   5   3   6   0 
U 4 0  2   3  16   8   2   9   0 
U 8 0  2   3  16  13   2  14   0 
U30 0  2  44   1   3   3  -1   0 
U31 0  2  46   1   3   3  -1   1       0   -128
U 3 0  2   3  11   5  17   7   0 
U 9 0  2  13   6   8   6  15   0 
U27 0  2  40   1  13   5  -1   0 
U32 0  2  47   1  13   7  -1   1     320    160
!    ---- Posição de Legenda de Componentes ----
!NumCompo Label Rot Px Py
X  27  0  1   -40.84    -4.77
X  27  1  1   -40.84     7.85
X  27  2  1    -5.42    13.48
X  30  2  1    -9.70    11.78
X  33  2  1   -20.99    12.87
X  36  0  2    39.10     5.32
X  36  1  2    43.68    21.32
X  11  2  1    -5.52    10.57
X  41  2  3   -12.00    10.00
X  50  1  0    -3.70   -29.67
X  18  0  2    87.10     5.32
X  18  0  3    -0.75   -20.88
X  18  1  2    91.68    21.32
!     ---- Posição de Legenda de Ligacoes ----
!Lado NumLig Label Px Py
YF  22  1     0.00    -6.00
YI  12  1    -2.25    -8.45
YI  12  2     0.57    11.15
